<?xml version="1.0" encoding="UTF-8"?>
<testsuite xmlns:xsi="http://www.w3.org/2001/XMLSchema-instance" xsi:noNamespaceSchemaLocation="https://maven.apache.org/surefire/maven-surefire-plugin/xsd/surefire-test-report.xsd" version="3.0.2" name="com.postech.techchallenge.fase3.hospital.api_agendamento.ConsultaIntegrationTest" time="1.182" tests="4" errors="0" skipped="0" failures="0" flakes="0">
  <properties>
[...]
</properties>
  <testcase name="testCriarMultiplasConsultasEListar" classname="com.postech.techchallenge.fase3.hospital.api_agendamento.ConsultaIntegrationTest" time="0.762">
    <system-out><![CDATA[2026-04-22T12:44:49.484-03:00  INFO 26084 --- [api-agendamento] [           main] t.c.s.AnnotationConfigContextLoaderUtils : Could not detect default configuration classes for test class [com.postech.techchallenge.fase3.hospital.api_agendamento.ConsultaIntegrationTest]: ConsultaIntegrationTest does not declare any static, non-private, non-final, nested classes annotated with @Configuration.
2026-04-22T12:44:49.486-03:00  INFO 26084 --- [api-agendamento] [           main] .b.t.c.SpringBootTestContextBootstrapper : Found @SpringBootConfiguration com.postech.techchallenge.fase3.hospital.api_agendamento.ApiAgendamentoApplication for test class com.postech.techchallenge.fase3.hospital.api_agendamento.ConsultaIntegrationTest
2026-04-22T12:44:49.490-03:00  INFO 26084 --- [api-agendamento] [           main] o.s.b.d.r.RestartApplicationListener     : Restart disabled due to context in which it is running

  .   ____          _            __ _ _
 /\\ / ___'_ __ _ _(_)_ __  __ _ \ \ \ \
( ( )\___ | '_ | '_| | '_ \/ _` | \ \ \ \
 \\/  ___)| |_)| | | | | || (_| |  ) ) ) )
  '  |____| .__|_| |_|_| |_\__, | / / / /
 =========|_|==============|___/=/_/_/_/

 :: Spring Boot ::               (v3.5.13)

2026-04-22T12:44:49.507-03:00  INFO 26084 --- [api-agendamento] [           main] c.p.t.f.h.a.ConsultaIntegrationTest      : Starting ConsultaIntegrationTest using Java 17.0.12 with PID 26084 (started by lbarr in C:\Projetos\Pós ADJT\TechChallenge\Modulo 3\api-agendamento)
2026-04-22T12:44:49.507-03:00  INFO 26084 --- [api-agendamento] [           main] c.p.t.f.h.a.ConsultaIntegrationTest      : No active profile set, falling back to 1 default profile: "default"
2026-04-22T12:44:49.632-03:00  INFO 26084 --- [api-agendamento] [           main] .s.d.r.c.RepositoryConfigurationDelegate : Bootstrapping Spring Data JPA repositories in DEFAULT mode.
2026-04-22T12:44:49.651-03:00  INFO 26084 --- [api-agendamento] [           main] .s.d.r.c.RepositoryConfigurationDelegate : Finished Spring Data repository scanning in 18 ms. Found 1 JPA repository interface.
2026-04-22T12:44:49.697-03:00  INFO 26084 --- [api-agendamento] [           main] o.hibernate.jpa.internal.util.LogHelper  : HHH000204: Processing PersistenceUnitInfo [name: default]
2026-04-22T12:44:49.699-03:00  INFO 26084 --- [api-agendamento] [           main] o.h.c.internal.RegionFactoryInitiator    : HHH000026: Second-level cache disabled
2026-04-22T12:44:49.706-03:00  INFO 26084 --- [api-agendamento] [           main] o.s.o.j.p.SpringPersistenceUnitInfo      : No LoadTimeWeaver setup: ignoring JPA class transformer
2026-04-22T12:44:49.706-03:00  INFO 26084 --- [api-agendamento] [           main] com.zaxxer.hikari.HikariDataSource       : HikariPool-3 - Starting...
2026-04-22T12:44:49.707-03:00  INFO 26084 --- [api-agendamento] [           main] com.zaxxer.hikari.pool.HikariPool        : HikariPool-3 - Added connection conn20: url=jdbc:h2:mem:agendamento-db user=SA
2026-04-22T12:44:49.707-03:00  INFO 26084 --- [api-agendamento] [           main] com.zaxxer.hikari.HikariDataSource       : HikariPool-3 - Start completed.
2026-04-22T12:44:49.708-03:00  INFO 26084 --- [api-agendamento] [           main] org.hibernate.orm.connections.pooling    : HHH10001005: Database info:
	Database JDBC URL [Connecting through datasource 'HikariDataSource (HikariPool-3)']
	Database driver: undefined/unknown
	Database version: 2.3.232
	Autocommit mode: undefined/unknown
	Isolation level: undefined/unknown
	Minimum pool size: undefined/unknown
	Maximum pool size: undefined/unknown
2026-04-22T12:44:49.726-03:00  INFO 26084 --- [api-agendamento] [           main] o.h.e.t.j.p.i.JtaPlatformInitiator       : HHH000489: No JTA platform available (set 'hibernate.transaction.jta.platform' to enable JTA platform integration)
2026-04-22T12:44:49.727-03:00  INFO 26084 --- [api-agendamento] [           main] j.LocalContainerEntityManagerFactoryBean : Initialized JPA EntityManagerFactory for persistence unit 'default'
2026-04-22T12:44:49.754-03:00  WARN 26084 --- [api-agendamento] [           main] JpaBaseConfiguration$JpaWebConfiguration : spring.jpa.open-in-view is enabled by default. Therefore, database queries may be performed during view rendering. Explicitly configure spring.jpa.open-in-view to disable this warning
2026-04-22T12:44:49.801-03:00  INFO 26084 --- [api-agendamento] [           main] o.s.b.a.h2.H2ConsoleAutoConfiguration    : H2 console available at '/h2-console'. Database available at 'jdbc:h2:mem:agendamento-db'
2026-04-22T12:44:49.807-03:00  INFO 26084 --- [api-agendamento] [           main] o.s.b.t.m.w.SpringBootMockServletContext : Initializing Spring TestDispatcherServlet ''
2026-04-22T12:44:49.808-03:00  INFO 26084 --- [api-agendamento] [           main] o.s.t.web.servlet.TestDispatcherServlet  : Initializing Servlet ''
2026-04-22T12:44:49.808-03:00  INFO 26084 --- [api-agendamento] [           main] o.s.t.web.servlet.TestDispatcherServlet  : Completed initialization in 0 ms
2026-04-22T12:44:49.812-03:00  INFO 26084 --- [api-agendamento] [           main] c.p.t.f.h.a.ConsultaIntegrationTest      : Started ConsultaIntegrationTest in 0.323 seconds (process running for 5.852)
2026-04-22T12:44:49.930-03:00 DEBUG 26084 --- [api-agendamento] [           main] org.hibernate.SQL                        : select ce1_0.id,ce1_0.data_hora,ce1_0.descricao,ce1_0.paciente_id,ce1_0.profissional_id from consultas ce1_0 where ce1_0.id=?
Hibernate: select ce1_0.id,ce1_0.data_hora,ce1_0.descricao,ce1_0.paciente_id,ce1_0.profissional_id from consultas ce1_0 where ce1_0.id=?
2026-04-22T12:44:49.935-03:00 TRACE 26084 --- [api-agendamento] [           main] org.hibernate.orm.jdbc.bind              : binding parameter (1:UUID) <- [331ecf44-636f-4c2e-98b8-2af8594e9ced]
2026-04-22T12:44:50.073-03:00 DEBUG 26084 --- [api-agendamento] [           main] org.hibernate.SQL                        : insert into consultas (data_hora,descricao,paciente_id,profissional_id,id) values (?,?,?,?,?)
Hibernate: insert into consultas (data_hora,descricao,paciente_id,profissional_id,id) values (?,?,?,?,?)
2026-04-22T12:44:50.076-03:00 TRACE 26084 --- [api-agendamento] [           main] org.hibernate.orm.jdbc.bind              : binding parameter (1:TIMESTAMP) <- [2026-04-23T12:44:49.814568100]
2026-04-22T12:44:50.077-03:00 TRACE 26084 --- [api-agendamento] [           main] org.hibernate.orm.jdbc.bind              : binding parameter (2:VARCHAR) <- [Consulta 1]
2026-04-22T12:44:50.077-03:00 TRACE 26084 --- [api-agendamento] [           main] org.hibernate.orm.jdbc.bind              : binding parameter (3:UUID) <- [3a937f6e-a2d8-44dd-bc9f-beabaf638fd2]
2026-04-22T12:44:50.077-03:00 TRACE 26084 --- [api-agendamento] [           main] org.hibernate.orm.jdbc.bind              : binding parameter (4:UUID) <- [ff368d8b-67be-4120-888c-e3a8c20fb326]
2026-04-22T12:44:50.077-03:00 TRACE 26084 --- [api-agendamento] [           main] org.hibernate.orm.jdbc.bind              : binding parameter (5:UUID) <- [331ecf44-636f-4c2e-98b8-2af8594e9ced]
2026-04-22T12:44:50.088-03:00 DEBUG 26084 --- [api-agendamento] [           main] org.hibernate.SQL                        : select ce1_0.id,ce1_0.data_hora,ce1_0.descricao,ce1_0.paciente_id,ce1_0.profissional_id from consultas ce1_0 where ce1_0.id=?
Hibernate: select ce1_0.id,ce1_0.data_hora,ce1_0.descricao,ce1_0.paciente_id,ce1_0.profissional_id from consultas ce1_0 where ce1_0.id=?
2026-04-22T12:44:50.088-03:00 TRACE 26084 --- [api-agendamento] [           main] org.hibernate.orm.jdbc.bind              : binding parameter (1:UUID) <- [da60c4f1-3e54-4a95-b66e-98bcbb48ff8e]
2026-04-22T12:44:50.089-03:00 DEBUG 26084 --- [api-agendamento] [           main] org.hibernate.SQL                        : insert into consultas (data_hora,descricao,paciente_id,profissional_id,id) values (?,?,?,?,?)
Hibernate: insert into consultas (data_hora,descricao,paciente_id,profissional_id,id) values (?,?,?,?,?)
2026-04-22T12:44:50.089-03:00 TRACE 26084 --- [api-agendamento] [           main] org.hibernate.orm.jdbc.bind              : binding parameter (1:TIMESTAMP) <- [2026-04-24T12:44:49.814568100]
2026-04-22T12:44:50.090-03:00 TRACE 26084 --- [api-agendamento] [           main] org.hibernate.orm.jdbc.bind              : binding parameter (2:VARCHAR) <- [Consulta 2]
2026-04-22T12:44:50.090-03:00 TRACE 26084 --- [api-agendamento] [           main] org.hibernate.orm.jdbc.bind              : binding parameter (3:UUID) <- [c613f277-9908-4023-87d5-e2ad2a6f3018]
2026-04-22T12:44:50.090-03:00 TRACE 26084 --- [api-agendamento] [           main] org.hibernate.orm.jdbc.bind              : binding parameter (4:UUID) <- [ff368d8b-67be-4120-888c-e3a8c20fb326]
2026-04-22T12:44:50.090-03:00 TRACE 26084 --- [api-agendamento] [           main] org.hibernate.orm.jdbc.bind              : binding parameter (5:UUID) <- [da60c4f1-3e54-4a95-b66e-98bcbb48ff8e]
2026-04-22T12:44:50.556-03:00 DEBUG 26084 --- [api-agendamento] [           main] org.hibernate.SQL                        : select ce1_0.id,ce1_0.data_hora,ce1_0.descricao,ce1_0.paciente_id,ce1_0.profissional_id from consultas ce1_0
Hibernate: select ce1_0.id,ce1_0.data_hora,ce1_0.descricao,ce1_0.paciente_id,ce1_0.profissional_id from consultas ce1_0
]]></system-out>
  </testcase>
  <testcase name="testAtualizarComNovosPacienteEProfissional" classname="com.postech.techchallenge.fase3.hospital.api_agendamento.ConsultaIntegrationTest" time="0.049">
    <system-out><![CDATA[2026-04-22T12:44:50.578-03:00 DEBUG 26084 --- [api-agendamento] [           main] org.hibernate.SQL                        : select ce1_0.id,ce1_0.data_hora,ce1_0.descricao,ce1_0.paciente_id,ce1_0.profissional_id from consultas ce1_0 where ce1_0.id=?
Hibernate: select ce1_0.id,ce1_0.data_hora,ce1_0.descricao,ce1_0.paciente_id,ce1_0.profissional_id from consultas ce1_0 where ce1_0.id=?
2026-04-22T12:44:50.578-03:00 TRACE 26084 --- [api-agendamento] [           main] org.hibernate.orm.jdbc.bind              : binding parameter (1:UUID) <- [5769b3fc-16ad-489e-a350-cf1f3e3960db]
2026-04-22T12:44:50.579-03:00 DEBUG 26084 --- [api-agendamento] [           main] org.hibernate.SQL                        : insert into consultas (data_hora,descricao,paciente_id,profissional_id,id) values (?,?,?,?,?)
Hibernate: insert into consultas (data_hora,descricao,paciente_id,profissional_id,id) values (?,?,?,?,?)
2026-04-22T12:44:50.579-03:00 TRACE 26084 --- [api-agendamento] [           main] org.hibernate.orm.jdbc.bind              : binding parameter (1:TIMESTAMP) <- [2026-04-23T12:44:50.577570400]
2026-04-22T12:44:50.579-03:00 TRACE 26084 --- [api-agendamento] [           main] org.hibernate.orm.jdbc.bind              : binding parameter (2:VARCHAR) <- [Consulta de rotina]
2026-04-22T12:44:50.579-03:00 TRACE 26084 --- [api-agendamento] [           main] org.hibernate.orm.jdbc.bind              : binding parameter (3:UUID) <- [031adf08-3a0b-4a55-a7e5-dc8a42dbb2ad]
2026-04-22T12:44:50.579-03:00 TRACE 26084 --- [api-agendamento] [           main] org.hibernate.orm.jdbc.bind              : binding parameter (4:UUID) <- [b8f4c38b-e45b-42bb-be94-9e5cea07ba97]
2026-04-22T12:44:50.579-03:00 TRACE 26084 --- [api-agendamento] [           main] org.hibernate.orm.jdbc.bind              : binding parameter (5:UUID) <- [5769b3fc-16ad-489e-a350-cf1f3e3960db]
2026-04-22T12:44:50.598-03:00 DEBUG 26084 --- [api-agendamento] [           main] org.hibernate.SQL                        : select ce1_0.id,ce1_0.data_hora,ce1_0.descricao,ce1_0.paciente_id,ce1_0.profissional_id from consultas ce1_0 where ce1_0.id=?
Hibernate: select ce1_0.id,ce1_0.data_hora,ce1_0.descricao,ce1_0.paciente_id,ce1_0.profissional_id from consultas ce1_0 where ce1_0.id=?
2026-04-22T12:44:50.599-03:00 TRACE 26084 --- [api-agendamento] [           main] org.hibernate.orm.jdbc.bind              : binding parameter (1:UUID) <- [5769b3fc-16ad-489e-a350-cf1f3e3960db]
2026-04-22T12:44:50.614-03:00 DEBUG 26084 --- [api-agendamento] [           main] org.hibernate.SQL                        : update consultas set data_hora=?,descricao=?,paciente_id=?,profissional_id=? where id=?
Hibernate: update consultas set data_hora=?,descricao=?,paciente_id=?,profissional_id=? where id=?
2026-04-22T12:44:50.618-03:00 TRACE 26084 --- [api-agendamento] [           main] org.hibernate.orm.jdbc.bind              : binding parameter (1:TIMESTAMP) <- [2026-04-26T12:44:50.577570400]
2026-04-22T12:44:50.618-03:00 TRACE 26084 --- [api-agendamento] [           main] org.hibernate.orm.jdbc.bind              : binding parameter (2:VARCHAR) <- [Consulta rescheduled]
2026-04-22T12:44:50.618-03:00 TRACE 26084 --- [api-agendamento] [           main] org.hibernate.orm.jdbc.bind              : binding parameter (3:UUID) <- [031adf08-3a0b-4a55-a7e5-dc8a42dbb2ad]
2026-04-22T12:44:50.618-03:00 TRACE 26084 --- [api-agendamento] [           main] org.hibernate.orm.jdbc.bind              : binding parameter (4:UUID) <- [b8f4c38b-e45b-42bb-be94-9e5cea07ba97]
2026-04-22T12:44:50.618-03:00 TRACE 26084 --- [api-agendamento] [           main] org.hibernate.orm.jdbc.bind              : binding parameter (5:UUID) <- [5769b3fc-16ad-489e-a350-cf1f3e3960db]
]]></system-out>
  </testcase>
  <testcase name="testFluxoCompletoConsulta" classname="com.postech.techchallenge.fase3.hospital.api_agendamento.ConsultaIntegrationTest" time="0.034">
    <system-out><![CDATA[2026-04-22T12:44:50.627-03:00 DEBUG 26084 --- [api-agendamento] [           main] org.hibernate.SQL                        : select ce1_0.id,ce1_0.data_hora,ce1_0.descricao,ce1_0.paciente_id,ce1_0.profissional_id from consultas ce1_0 where ce1_0.id=?
Hibernate: select ce1_0.id,ce1_0.data_hora,ce1_0.descricao,ce1_0.paciente_id,ce1_0.profissional_id from consultas ce1_0 where ce1_0.id=?
2026-04-22T12:44:50.627-03:00 TRACE 26084 --- [api-agendamento] [           main] org.hibernate.orm.jdbc.bind              : binding parameter (1:UUID) <- [0960eb79-8389-4126-9d8b-a715dccd48b8]
2026-04-22T12:44:50.628-03:00 DEBUG 26084 --- [api-agendamento] [           main] org.hibernate.SQL                        : insert into consultas (data_hora,descricao,paciente_id,profissional_id,id) values (?,?,?,?,?)
Hibernate: insert into consultas (data_hora,descricao,paciente_id,profissional_id,id) values (?,?,?,?,?)
2026-04-22T12:44:50.628-03:00 TRACE 26084 --- [api-agendamento] [           main] org.hibernate.orm.jdbc.bind              : binding parameter (1:TIMESTAMP) <- [2026-04-23T12:44:50.625568300]
2026-04-22T12:44:50.628-03:00 TRACE 26084 --- [api-agendamento] [           main] org.hibernate.orm.jdbc.bind              : binding parameter (2:VARCHAR) <- [Consulta de rotina]
2026-04-22T12:44:50.628-03:00 TRACE 26084 --- [api-agendamento] [           main] org.hibernate.orm.jdbc.bind              : binding parameter (3:UUID) <- [fc788810-f697-4406-9134-00f584b5443e]
2026-04-22T12:44:50.628-03:00 TRACE 26084 --- [api-agendamento] [           main] org.hibernate.orm.jdbc.bind              : binding parameter (4:UUID) <- [d3eb2eac-1a4b-425a-92db-d156aaf77a71]
2026-04-22T12:44:50.628-03:00 TRACE 26084 --- [api-agendamento] [           main] org.hibernate.orm.jdbc.bind              : binding parameter (5:UUID) <- [0960eb79-8389-4126-9d8b-a715dccd48b8]
2026-04-22T12:44:50.631-03:00 DEBUG 26084 --- [api-agendamento] [           main] org.hibernate.SQL                        : select ce1_0.id,ce1_0.data_hora,ce1_0.descricao,ce1_0.paciente_id,ce1_0.profissional_id from consultas ce1_0 where ce1_0.id=?
Hibernate: select ce1_0.id,ce1_0.data_hora,ce1_0.descricao,ce1_0.paciente_id,ce1_0.profissional_id from consultas ce1_0 where ce1_0.id=?
2026-04-22T12:44:50.632-03:00 TRACE 26084 --- [api-agendamento] [           main] org.hibernate.orm.jdbc.bind              : binding parameter (1:UUID) <- [0960eb79-8389-4126-9d8b-a715dccd48b8]
2026-04-22T12:44:50.635-03:00 DEBUG 26084 --- [api-agendamento] [           main] org.hibernate.SQL                        : select ce1_0.id,ce1_0.data_hora,ce1_0.descricao,ce1_0.paciente_id,ce1_0.profissional_id from consultas ce1_0
Hibernate: select ce1_0.id,ce1_0.data_hora,ce1_0.descricao,ce1_0.paciente_id,ce1_0.profissional_id from consultas ce1_0
2026-04-22T12:44:50.639-03:00 DEBUG 26084 --- [api-agendamento] [           main] org.hibernate.SQL                        : select ce1_0.id,ce1_0.data_hora,ce1_0.descricao,ce1_0.paciente_id,ce1_0.profissional_id from consultas ce1_0 where ce1_0.id=?
Hibernate: select ce1_0.id,ce1_0.data_hora,ce1_0.descricao,ce1_0.paciente_id,ce1_0.profissional_id from consultas ce1_0 where ce1_0.id=?
2026-04-22T12:44:50.639-03:00 TRACE 26084 --- [api-agendamento] [           main] org.hibernate.orm.jdbc.bind              : binding parameter (1:UUID) <- [0960eb79-8389-4126-9d8b-a715dccd48b8]
2026-04-22T12:44:50.640-03:00 DEBUG 26084 --- [api-agendamento] [           main] org.hibernate.SQL                        : update consultas set data_hora=?,descricao=?,paciente_id=?,profissional_id=? where id=?
Hibernate: update consultas set data_hora=?,descricao=?,paciente_id=?,profissional_id=? where id=?
2026-04-22T12:44:50.640-03:00 TRACE 26084 --- [api-agendamento] [           main] org.hibernate.orm.jdbc.bind              : binding parameter (1:TIMESTAMP) <- [2026-04-25T12:44:50.625568300]
2026-04-22T12:44:50.640-03:00 TRACE 26084 --- [api-agendamento] [           main] org.hibernate.orm.jdbc.bind              : binding parameter (2:VARCHAR) <- [Consulta de acompanhamento]
2026-04-22T12:44:50.640-03:00 TRACE 26084 --- [api-agendamento] [           main] org.hibernate.orm.jdbc.bind              : binding parameter (3:UUID) <- [fc788810-f697-4406-9134-00f584b5443e]
2026-04-22T12:44:50.641-03:00 TRACE 26084 --- [api-agendamento] [           main] org.hibernate.orm.jdbc.bind              : binding parameter (4:UUID) <- [d3eb2eac-1a4b-425a-92db-d156aaf77a71]
2026-04-22T12:44:50.641-03:00 TRACE 26084 --- [api-agendamento] [           main] org.hibernate.orm.jdbc.bind              : binding parameter (5:UUID) <- [0960eb79-8389-4126-9d8b-a715dccd48b8]
2026-04-22T12:44:50.643-03:00 DEBUG 26084 --- [api-agendamento] [           main] org.hibernate.SQL                        : select ce1_0.id,ce1_0.data_hora,ce1_0.descricao,ce1_0.paciente_id,ce1_0.profissional_id from consultas ce1_0 where ce1_0.id=?
Hibernate: select ce1_0.id,ce1_0.data_hora,ce1_0.descricao,ce1_0.paciente_id,ce1_0.profissional_id from consultas ce1_0 where ce1_0.id=?
2026-04-22T12:44:50.643-03:00 TRACE 26084 --- [api-agendamento] [           main] org.hibernate.orm.jdbc.bind              : binding parameter (1:UUID) <- [0960eb79-8389-4126-9d8b-a715dccd48b8]
2026-04-22T12:44:50.647-03:00 DEBUG 26084 --- [api-agendamento] [           main] org.hibernate.SQL                        : select ce1_0.id,ce1_0.data_hora,ce1_0.descricao,ce1_0.paciente_id,ce1_0.profissional_id from consultas ce1_0 where ce1_0.id=?
Hibernate: select ce1_0.id,ce1_0.data_hora,ce1_0.descricao,ce1_0.paciente_id,ce1_0.profissional_id from consultas ce1_0 where ce1_0.id=?
2026-04-22T12:44:50.647-03:00 TRACE 26084 --- [api-agendamento] [           main] org.hibernate.orm.jdbc.bind              : binding parameter (1:UUID) <- [0960eb79-8389-4126-9d8b-a715dccd48b8]
2026-04-22T12:44:50.654-03:00 DEBUG 26084 --- [api-agendamento] [           main] org.hibernate.SQL                        : delete from consultas where id=?
Hibernate: delete from consultas where id=?
2026-04-22T12:44:50.654-03:00 TRACE 26084 --- [api-agendamento] [           main] org.hibernate.orm.jdbc.bind              : binding parameter (1:UUID) <- [0960eb79-8389-4126-9d8b-a715dccd48b8]
]]></system-out>
  </testcase>
  <testcase name="testValidarDataHoraConsulta" classname="com.postech.techchallenge.fase3.hospital.api_agendamento.ConsultaIntegrationTest" time="0.006">
    <system-out><![CDATA[2026-04-22T12:44:50.660-03:00 DEBUG 26084 --- [api-agendamento] [           main] org.hibernate.SQL                        : select ce1_0.id,ce1_0.data_hora,ce1_0.descricao,ce1_0.paciente_id,ce1_0.profissional_id from consultas ce1_0 where ce1_0.id=?
Hibernate: select ce1_0.id,ce1_0.data_hora,ce1_0.descricao,ce1_0.paciente_id,ce1_0.profissional_id from consultas ce1_0 where ce1_0.id=?
2026-04-22T12:44:50.660-03:00 TRACE 26084 --- [api-agendamento] [           main] org.hibernate.orm.jdbc.bind              : binding parameter (1:UUID) <- [d0b4cd37-7632-456b-8ea5-a702895af24b]
2026-04-22T12:44:50.662-03:00 DEBUG 26084 --- [api-agendamento] [           main] org.hibernate.SQL                        : insert into consultas (data_hora,descricao,paciente_id,profissional_id,id) values (?,?,?,?,?)
Hibernate: insert into consultas (data_hora,descricao,paciente_id,profissional_id,id) values (?,?,?,?,?)
2026-04-22T12:44:50.662-03:00 TRACE 26084 --- [api-agendamento] [           main] org.hibernate.orm.jdbc.bind              : binding parameter (1:TIMESTAMP) <- [2026-04-23T12:44:50.659570900]
2026-04-22T12:44:50.662-03:00 TRACE 26084 --- [api-agendamento] [           main] org.hibernate.orm.jdbc.bind              : binding parameter (2:VARCHAR) <- [Consulta de rotina]
2026-04-22T12:44:50.662-03:00 TRACE 26084 --- [api-agendamento] [           main] org.hibernate.orm.jdbc.bind              : binding parameter (3:UUID) <- [2afa0424-9126-4db2-a6a8-19969d832e53]
2026-04-22T12:44:50.662-03:00 TRACE 26084 --- [api-agendamento] [           main] org.hibernate.orm.jdbc.bind              : binding parameter (4:UUID) <- [68db55dc-1633-4b13-8427-248254e20f1d]
2026-04-22T12:44:50.662-03:00 TRACE 26084 --- [api-agendamento] [           main] org.hibernate.orm.jdbc.bind              : binding parameter (5:UUID) <- [d0b4cd37-7632-456b-8ea5-a702895af24b]
]]></system-out>
  </testcase>
</testsuite>