<?xml version="1.0" encoding="UTF-8"?>
<testsuite xmlns:xsi="http://www.w3.org/2001/XMLSchema-instance" xsi:noNamespaceSchemaLocation="https://maven.apache.org/surefire/maven-surefire-plugin/xsd/surefire-test-report.xsd" version="3.0.2" name="com.postech.techchallenge.fase3.hospital.api_agendamento.consulta.adapters.in.web.AgendamentoControllerTest" time="1.326" tests="6" errors="0" skipped="0" failures="0" flakes="0">
  <properties>
[...]
</properties>
  <testcase name="testListarConsultas" classname="com.postech.techchallenge.fase3.hospital.api_agendamento.consulta.adapters.in.web.AgendamentoControllerTest" time="0.503">
    <system-out><![CDATA[2026-04-22T12:44:47.798-03:00  INFO 26084 --- [api-agendamento] [           main] t.c.s.AnnotationConfigContextLoaderUtils : Could not detect default configuration classes for test class [com.postech.techchallenge.fase3.hospital.api_agendamento.consulta.adapters.in.web.AgendamentoControllerTest]: AgendamentoControllerTest does not declare any static, non-private, non-final, nested classes annotated with @Configuration.
2026-04-22T12:44:47.820-03:00  INFO 26084 --- [api-agendamento] [           main] .b.t.c.SpringBootTestContextBootstrapper : Found @SpringBootConfiguration com.postech.techchallenge.fase3.hospital.api_agendamento.ApiAgendamentoApplication for test class com.postech.techchallenge.fase3.hospital.api_agendamento.consulta.adapters.in.web.AgendamentoControllerTest
2026-04-22T12:44:47.823-03:00  INFO 26084 --- [api-agendamento] [           main] o.s.b.d.r.RestartApplicationListener     : Restart disabled due to context in which it is running

  .   ____          _            __ _ _
 /\\ / ___'_ __ _ _(_)_ __  __ _ \ \ \ \
( ( )\___ | '_ | '_| | '_ \/ _` | \ \ \ \
 \\/  ___)| |_)| | | | | || (_| |  ) ) ) )
  '  |____| .__|_| |_|_| |_\__, | / / / /
 =========|_|==============|___/=/_/_/_/

 :: Spring Boot ::               (v3.5.13)

2026-04-22T12:44:47.835-03:00  INFO 26084 --- [api-agendamento] [           main] .f.h.a.c.a.i.w.AgendamentoControllerTest : Starting AgendamentoControllerTest using Java 17.0.12 with PID 26084 (started by lbarr in C:\Projetos\Pós ADJT\TechChallenge\Modulo 3\api-agendamento)
2026-04-22T12:44:47.835-03:00  INFO 26084 --- [api-agendamento] [           main] .f.h.a.c.a.i.w.AgendamentoControllerTest : No active profile set, falling back to 1 default profile: "default"
2026-04-22T12:44:47.914-03:00  INFO 26084 --- [api-agendamento] [           main] .s.d.r.c.RepositoryConfigurationDelegate : Bootstrapping Spring Data JPA repositories in DEFAULT mode.
2026-04-22T12:44:47.929-03:00  INFO 26084 --- [api-agendamento] [           main] .s.d.r.c.RepositoryConfigurationDelegate : Finished Spring Data repository scanning in 14 ms. Found 1 JPA repository interface.
2026-04-22T12:44:48.195-03:00  INFO 26084 --- [api-agendamento] [           main] o.hibernate.jpa.internal.util.LogHelper  : HHH000204: Processing PersistenceUnitInfo [name: default]
2026-04-22T12:44:48.199-03:00  INFO 26084 --- [api-agendamento] [           main] o.h.c.internal.RegionFactoryInitiator    : HHH000026: Second-level cache disabled
2026-04-22T12:44:48.216-03:00  INFO 26084 --- [api-agendamento] [           main] o.s.o.j.p.SpringPersistenceUnitInfo      : No LoadTimeWeaver setup: ignoring JPA class transformer
2026-04-22T12:44:48.217-03:00  INFO 26084 --- [api-agendamento] [           main] com.zaxxer.hikari.HikariDataSource       : HikariPool-2 - Starting...
2026-04-22T12:44:48.218-03:00  INFO 26084 --- [api-agendamento] [           main] com.zaxxer.hikari.pool.HikariPool        : HikariPool-2 - Added connection conn10: url=jdbc:h2:mem:agendamento-db user=SA
2026-04-22T12:44:48.219-03:00  INFO 26084 --- [api-agendamento] [           main] com.zaxxer.hikari.HikariDataSource       : HikariPool-2 - Start completed.
2026-04-22T12:44:48.219-03:00  INFO 26084 --- [api-agendamento] [           main] org.hibernate.orm.connections.pooling    : HHH10001005: Database info:
	Database JDBC URL [Connecting through datasource 'HikariDataSource (HikariPool-2)']
	Database driver: undefined/unknown
	Database version: 2.3.232
	Autocommit mode: undefined/unknown
	Isolation level: undefined/unknown
	Minimum pool size: undefined/unknown
	Maximum pool size: undefined/unknown
2026-04-22T12:44:48.256-03:00  INFO 26084 --- [api-agendamento] [           main] o.h.e.t.j.p.i.JtaPlatformInitiator       : HHH000489: No JTA platform available (set 'hibernate.transaction.jta.platform' to enable JTA platform integration)
2026-04-22T12:44:48.262-03:00  INFO 26084 --- [api-agendamento] [           main] j.LocalContainerEntityManagerFactoryBean : Initialized JPA EntityManagerFactory for persistence unit 'default'
2026-04-22T12:44:48.316-03:00  WARN 26084 --- [api-agendamento] [           main] JpaBaseConfiguration$JpaWebConfiguration : spring.jpa.open-in-view is enabled by default. Therefore, database queries may be performed during view rendering. Explicitly configure spring.jpa.open-in-view to disable this warning
2026-04-22T12:44:48.407-03:00  INFO 26084 --- [api-agendamento] [           main] o.s.b.a.h2.H2ConsoleAutoConfiguration    : H2 console available at '/h2-console'. Database available at 'jdbc:h2:mem:agendamento-db'
2026-04-22T12:44:48.498-03:00  INFO 26084 --- [api-agendamento] [           main] o.s.b.t.m.w.SpringBootMockServletContext : Initializing Spring TestDispatcherServlet ''
2026-04-22T12:44:48.499-03:00  INFO 26084 --- [api-agendamento] [           main] o.s.t.web.servlet.TestDispatcherServlet  : Initializing Servlet ''
2026-04-22T12:44:48.501-03:00  INFO 26084 --- [api-agendamento] [           main] o.s.t.web.servlet.TestDispatcherServlet  : Completed initialization in 0 ms
2026-04-22T12:44:48.519-03:00  INFO 26084 --- [api-agendamento] [           main] .f.h.a.c.a.i.w.AgendamentoControllerTest : Started AgendamentoControllerTest in 0.695 seconds (process running for 4.558)
]]></system-out>
  </testcase>
  <testcase name="testDeletarConsulta" classname="com.postech.techchallenge.fase3.hospital.api_agendamento.consulta.adapters.in.web.AgendamentoControllerTest" time="0.026"/>
  <testcase name="testListarConsultasVazia" classname="com.postech.techchallenge.fase3.hospital.api_agendamento.consulta.adapters.in.web.AgendamentoControllerTest" time="0.005"/>
  <testcase name="testBuscarConsultaPorId" classname="com.postech.techchallenge.fase3.hospital.api_agendamento.consulta.adapters.in.web.AgendamentoControllerTest" time="0.005"/>
  <testcase name="testCriarConsultaComSucesso" classname="com.postech.techchallenge.fase3.hospital.api_agendamento.consulta.adapters.in.web.AgendamentoControllerTest" time="0.045"/>
  <testcase name="testAtualizarConsulta" classname="com.postech.techchallenge.fase3.hospital.api_agendamento.consulta.adapters.in.web.AgendamentoControllerTest" time="0.01"/>
</testsuite>